<?xml version="1.0" encoding="UTF-8"?>
<testng-results skipped="0" failed="0" ignored="0" total="2" passed="2">
  <reporter-output>
  </reporter-output>
  <suite name="Default suite" duration-ms="23" started-at="2018-09-28T05:46:50Z" finished-at="2018-09-28T05:46:50Z">
    <groups>
    </groups>
    <test name="Default test" duration-ms="23" started-at="2018-09-28T05:46:50Z" finished-at="2018-09-28T05:46:50Z">
      <class name="testFunc.SearchOps">
        <test-method status="PASS" signature="generateReport()[pri:0, instance:testFunc.SearchOps@132ec19]" name="generateReport" is-config="true" duration-ms="114" started-at="2018-09-28T05:46:50Z" finished-at="2018-09-28T05:46:50Z">
          <reporter-output>
          </reporter-output>
        </test-method> <!-- generateReport -->
        <test-method status="PASS" signature="checkAfter()[pri:0, instance:testFunc.SearchOps@132ec19]" name="checkAfter" duration-ms="6" started-at="2018-09-28T05:46:50Z" finished-at="2018-09-28T05:46:50Z">
          <reporter-output>
          </reporter-output>
        </test-method> <!-- checkAfter -->
        <test-method status="PASS" signature="checkIf()[pri:0, instance:testFunc.SearchOps@132ec19]" name="checkIf" duration-ms="1" started-at="2018-09-28T05:46:50Z" finished-at="2018-09-28T05:46:50Z">
          <reporter-output>
          </reporter-output>
        </test-method> <!-- checkIf -->
        <test-method status="PASS" signature="endTest()[pri:0, instance:testFunc.SearchOps@132ec19]" name="endTest" is-config="true" duration-ms="207" started-at="2018-09-28T05:46:50Z" finished-at="2018-09-28T05:46:50Z">
          <reporter-output>
          </reporter-output>
        </test-method> <!-- endTest -->
      </class> <!-- testFunc.SearchOps -->
    </test> <!-- Default test -->
  </suite> <!-- Default suite -->
</testng-results>
